# JRE version: OpenJDK Runtime Environment (17.0.9) (build 17.0.9+0--11185874)
# Java VM: OpenJDK 64-Bit Server VM (17.0.9+0--11185874, mixed mode, tiered, compressed oops, compressed class ptrs, g1 gc, windows-amd64)
GC Precious Log:
 CPUs: 8 total, 8 available
 Memory: 16225M
 Large Page Support: Disabled
 NUMA Support: Disabled
 Compressed Oops: Enabled (32-bit)
 Heap Region Size: 1M
 Heap Min Capacity: 8M
 Heap Initial Capacity: 254M
 Heap Max Capacity: 2G
 Pre-touch: Disabled
 Parallel Workers: 8
 Concurrent Workers: 2
 Concurrent Refinement Workers: 8
 Periodic GC: Disabled
Heap:
 garbage-first heap   total 407552K, used 240261K [0x0000000080000000, 0x0000000100000000)
  region size 1024K, 85 young (87040K), 4 survivors (4096K)
 Metaspace       used 115026K, committed 115840K, reserved 1179648K
  class space    used 16471K, committed 16832K, reserved 1048576K
GC Heap History (20 events):
Event: 24.045 GC heap before
{Heap before GC invocations=32 (full 0):
 garbage-first heap   total 229376K, used 182509K [0x0000000080000000, 0x0000000100000000)
  region size 1024K, 119 young (121856K), 5 survivors (5120K)
 Metaspace       used 92547K, committed 93248K, reserved 1179648K
  class space    used 13033K, committed 13376K, reserved 1048576K
}
Event: 24.064 GC heap after
{Heap after GC invocations=33 (full 0):
 garbage-first heap   total 229376K, used 76332K [0x0000000080000000, 0x0000000100000000)
  region size 1024K, 15 young (15360K), 15 survivors (15360K)
 Metaspace       used 92547K, committed 93248K, reserved 1179648K
  class space    used 13033K, committed 13376K, reserved 1048576K
}
Event: 25.928 GC heap before
{Heap before GC invocations=33 (full 0):
 garbage-first heap   total 229376K, used 184876K [0x0000000080000000, 0x0000000100000000)
  region size 1024K, 117 young (119808K), 15 survivors (15360K)
 Metaspace       used 96986K, committed 97792K, reserved 1179648K
  class space    used 13538K, committed 13952K, reserved 1048576K
}
Event: 25.957 GC heap after
{Heap after GC invocations=34 (full 0):
 garbage-first heap   total 229376K, used 85299K [0x0000000080000000, 0x0000000100000000)
  region size 1024K, 11 young (11264K), 11 survivors (11264K)
 Metaspace       used 96986K, committed 97792K, reserved 1179648K
  class space    used 13538K, committed 13952K, reserved 1048576K
}
Event: 26.615 GC heap before
{Heap before GC invocations=34 (full 0):
 garbage-first heap   total 229376K, used 180531K [0x0000000080000000, 0x0000000100000000)
  region size 1024K, 105 young (107520K), 11 survivors (11264K)
 Metaspace       used 99250K, committed 100096K, reserved 1179648K
  class space    used 13865K, committed 14272K, reserved 1048576K
}
Event: 26.635 GC heap after
{Heap after GC invocations=35 (full 0):
 garbage-first heap   total 229376K, used 99213K [0x0000000080000000, 0x0000000100000000)
  region size 1024K, 14 young (14336K), 14 survivors (14336K)
 Metaspace       used 99250K, committed 100096K, reserved 1179648K
  class space    used 13865K, committed 14272K, reserved 1048576K
}
Event: 27.485 GC heap before
{Heap before GC invocations=35 (full 0):
 garbage-first heap   total 229376K, used 182157K [0x0000000080000000, 0x0000000100000000)
  region size 1024K, 94 young (96256K), 14 survivors (14336K)
 Metaspace       used 102760K, committed 103552K, reserved 1179648K
  class space    used 14394K, committed 14784K, reserved 1048576K
}
Event: 27.504 GC heap after
{Heap after GC invocations=36 (full 0):
 garbage-first heap   total 229376K, used 105306K [0x0000000080000000, 0x0000000100000000)
  region size 1024K, 8 young (8192K), 8 survivors (8192K)
 Metaspace       used 102760K, committed 103552K, reserved 1179648K
  class space    used 14394K, committed 14784K, reserved 1048576K
}
Event: 28.272 GC heap before
{Heap before GC invocations=36 (full 0):
 garbage-first heap   total 229376K, used 181082K [0x0000000080000000, 0x0000000100000000)
  region size 1024K, 83 young (84992K), 8 survivors (8192K)
 Metaspace       used 105330K, committed 106048K, reserved 1179648K
  class space    used 14822K, committed 15168K, reserved 1048576K
}
Event: 28.303 GC heap after
{Heap after GC invocations=37 (full 0):
 garbage-first heap   total 229376K, used 116496K [0x0000000080000000, 0x0000000100000000)
  region size 1024K, 11 young (11264K), 11 survivors (11264K)
 Metaspace       used 105330K, committed 106048K, reserved 1179648K
  class space    used 14822K, committed 15168K, reserved 1048576K
}
Event: 28.756 GC heap before
{Heap before GC invocations=37 (full 0):
 garbage-first heap   total 229376K, used 182032K [0x0000000080000000, 0x0000000100000000)
  region size 1024K, 76 young (77824K), 11 survivors (11264K)
 Metaspace       used 107154K, committed 107904K, reserved 1179648K
  class space    used 15080K, committed 15424K, reserved 1048576K
}
Event: 28.789 GC heap after
{Heap after GC invocations=38 (full 0):
 garbage-first heap   total 290816K, used 127381K [0x0000000080000000, 0x0000000100000000)
  region size 1024K, 10 young (10240K), 10 survivors (10240K)
 Metaspace       used 107154K, committed 107904K, reserved 1179648K
  class space    used 15080K, committed 15424K, reserved 1048576K
}
Event: 29.409 GC heap before
{Heap before GC invocations=38 (full 0):
 garbage-first heap   total 290816K, used 225685K [0x0000000080000000, 0x0000000100000000)
  region size 1024K, 107 young (109568K), 10 survivors (10240K)
 Metaspace       used 109481K, committed 110208K, reserved 1179648K
  class space    used 15566K, committed 15936K, reserved 1048576K
}
Event: 29.450 GC heap after
{Heap after GC invocations=39 (full 0):
 garbage-first heap   total 290816K, used 142329K [0x0000000080000000, 0x0000000100000000)
  region size 1024K, 14 young (14336K), 14 survivors (14336K)
 Metaspace       used 109481K, committed 110208K, reserved 1179648K
  class space    used 15566K, committed 15936K, reserved 1048576K
}
Event: 30.093 GC heap before
{Heap before GC invocations=39 (full 0):
 garbage-first heap   total 290816K, used 229369K [0x0000000080000000, 0x0000000100000000)
  region size 1024K, 99 young (101376K), 14 survivors (14336K)
 Metaspace       used 111711K, committed 112512K, reserved 1179648K
  class space    used 15988K, committed 16384K, reserved 1048576K
}
Event: 30.132 GC heap after
{Heap after GC invocations=40 (full 0):
 garbage-first heap   total 290816K, used 155257K [0x0000000080000000, 0x0000000100000000)
  region size 1024K, 13 young (13312K), 13 survivors (13312K)
 Metaspace       used 111711K, committed 112512K, reserved 1179648K
  class space    used 15988K, committed 16384K, reserved 1048576K
}
Event: 31.299 GC heap before
{Heap before GC invocations=40 (full 0):
 garbage-first heap   total 290816K, used 232057K [0x0000000080000000, 0x0000000100000000)
  region size 1024K, 88 young (90112K), 13 survivors (13312K)
 Metaspace       used 113811K, committed 114560K, reserved 1179648K
  class space    used 16337K, committed 16704K, reserved 1048576K
}
Event: 31.325 GC heap after
{Heap after GC invocations=41 (full 0):
 garbage-first heap   total 290816K, used 157883K [0x0000000080000000, 0x0000000100000000)
  region size 1024K, 3 young (3072K), 3 survivors (3072K)
 Metaspace       used 113811K, committed 114560K, reserved 1179648K
  class space    used 16337K, committed 16704K, reserved 1048576K
}
Event: 32.045 GC heap before
{Heap before GC invocations=41 (full 0):
 garbage-first heap   total 290816K, used 236731K [0x0000000080000000, 0x0000000100000000)
  region size 1024K, 80 young (81920K), 3 survivors (3072K)
 Metaspace       used 114454K, committed 115264K, reserved 1179648K
  class space    used 16405K, committed 16768K, reserved 1048576K
}
Event: 32.059 GC heap after
{Heap after GC invocations=42 (full 0):
 garbage-first heap   total 407552K, used 158341K [0x0000000080000000, 0x0000000100000000)
  region size 1024K, 4 young (4096K), 4 survivors (4096K)
 Metaspace       used 114454K, committed 115264K, reserved 1179648K
  class space    used 16405K, committed 16768K, reserved 1048576K
}

