# JRE version: OpenJDK Runtime Environment (17.0.9) (build 17.0.9+0--11185874)
# Java VM: OpenJDK 64-Bit Server VM (17.0.9+0--11185874, mixed mode, tiered, compressed oops, compressed class ptrs, g1 gc, windows-amd64)
GC Precious Log:
 CPUs: 8 total, 8 available
 Memory: 16225M
 Large Page Support: Disabled
 NUMA Support: Disabled
 Compressed Oops: Enabled (32-bit)
 Heap Region Size: 1M
 Heap Min Capacity: 8M
 Heap Initial Capacity: 254M
 Heap Max Capacity: 2G
 Pre-touch: Disabled
 Parallel Workers: 8
 Concurrent Workers: 2
 Concurrent Refinement Workers: 8
 Periodic GC: Disabled
Heap:
 garbage-first heap   total 274432K, used 196462K [0x0000000080000000, 0x0000000100000000)
  region size 1024K, 6 young (6144K), 6 survivors (6144K)
 Metaspace       used 118488K, committed 119296K, reserved 1179648K
  class space    used 16356K, committed 16768K, reserved 1048576K
GC Heap History (20 events):
Event: 36.292 GC heap after
{Heap after GC invocations=59 (full 0):
 garbage-first heap   total 228352K, used 140502K [0x0000000080000000, 0x0000000100000000)
  region size 1024K, 6 young (6144K), 6 survivors (6144K)
 Metaspace       used 105685K, committed 106496K, reserved 1179648K
  class space    used 14311K, committed 14720K, reserved 1048576K
}
Event: 36.593 GC heap before
{Heap before GC invocations=59 (full 0):
 garbage-first heap   total 228352K, used 190678K [0x0000000080000000, 0x0000000100000000)
  region size 1024K, 57 young (58368K), 6 survivors (6144K)
 Metaspace       used 106257K, committed 107072K, reserved 1179648K
  class space    used 14371K, committed 14784K, reserved 1048576K
}
Event: 36.603 GC heap after
{Heap after GC invocations=60 (full 0):
 garbage-first heap   total 228352K, used 141713K [0x0000000080000000, 0x0000000100000000)
  region size 1024K, 4 young (4096K), 4 survivors (4096K)
 Metaspace       used 106257K, committed 107072K, reserved 1179648K
  class space    used 14371K, committed 14784K, reserved 1048576K
}
Event: 36.949 GC heap before
{Heap before GC invocations=60 (full 0):
 garbage-first heap   total 228352K, used 192913K [0x0000000080000000, 0x0000000100000000)
  region size 1024K, 55 young (56320K), 4 survivors (4096K)
 Metaspace       used 106339K, committed 107136K, reserved 1179648K
  class space    used 14373K, committed 14784K, reserved 1048576K
}
Event: 36.958 GC heap after
{Heap after GC invocations=61 (full 0):
 garbage-first heap   total 228352K, used 142594K [0x0000000080000000, 0x0000000100000000)
  region size 1024K, 5 young (5120K), 5 survivors (5120K)
 Metaspace       used 106339K, committed 107136K, reserved 1179648K
  class space    used 14373K, committed 14784K, reserved 1048576K
}
Event: 37.485 GC heap before
{Heap before GC invocations=61 (full 0):
 garbage-first heap   total 228352K, used 193794K [0x0000000080000000, 0x0000000100000000)
  region size 1024K, 56 young (57344K), 5 survivors (5120K)
 Metaspace       used 106454K, committed 107264K, reserved 1179648K
  class space    used 14383K, committed 14784K, reserved 1048576K
}
Event: 37.496 GC heap after
{Heap after GC invocations=62 (full 0):
 garbage-first heap   total 274432K, used 146070K [0x0000000080000000, 0x0000000100000000)
  region size 1024K, 7 young (7168K), 7 survivors (7168K)
 Metaspace       used 106454K, committed 107264K, reserved 1179648K
  class space    used 14383K, committed 14784K, reserved 1048576K
}
Event: 38.441 GC heap before
{Heap before GC invocations=62 (full 0):
 garbage-first heap   total 274432K, used 231062K [0x0000000080000000, 0x0000000100000000)
  region size 1024K, 91 young (93184K), 7 survivors (7168K)
 Metaspace       used 107768K, committed 108608K, reserved 1179648K
  class space    used 14582K, committed 14976K, reserved 1048576K
}
Event: 38.456 GC heap after
{Heap after GC invocations=63 (full 0):
 garbage-first heap   total 274432K, used 152363K [0x0000000080000000, 0x0000000100000000)
  region size 1024K, 12 young (12288K), 12 survivors (12288K)
 Metaspace       used 107768K, committed 108608K, reserved 1179648K
  class space    used 14582K, committed 14976K, reserved 1048576K
}
Event: 39.805 GC heap before
{Heap before GC invocations=63 (full 0):
 garbage-first heap   total 274432K, used 229163K [0x0000000080000000, 0x0000000100000000)
  region size 1024K, 86 young (88064K), 12 survivors (12288K)
 Metaspace       used 111898K, committed 112768K, reserved 1179648K
  class space    used 15235K, committed 15680K, reserved 1048576K
}
Event: 39.828 GC heap after
{Heap after GC invocations=64 (full 0):
 garbage-first heap   total 274432K, used 158651K [0x0000000080000000, 0x0000000100000000)
  region size 1024K, 11 young (11264K), 11 survivors (11264K)
 Metaspace       used 111898K, committed 112768K, reserved 1179648K
  class space    used 15235K, committed 15680K, reserved 1048576K
}
Event: 40.618 GC heap before
{Heap before GC invocations=64 (full 0):
 garbage-first heap   total 274432K, used 227259K [0x0000000080000000, 0x0000000100000000)
  region size 1024K, 78 young (79872K), 11 survivors (11264K)
 Metaspace       used 113844K, committed 114688K, reserved 1179648K
  class space    used 15552K, committed 16000K, reserved 1048576K
}
Event: 40.655 GC heap after
{Heap after GC invocations=65 (full 0):
 garbage-first heap   total 274432K, used 170560K [0x0000000080000000, 0x0000000100000000)
  region size 1024K, 10 young (10240K), 10 survivors (10240K)
 Metaspace       used 113844K, committed 114688K, reserved 1179648K
  class space    used 15552K, committed 16000K, reserved 1048576K
}
Event: 41.235 GC heap before
{Heap before GC invocations=65 (full 0):
 garbage-first heap   total 274432K, used 226880K [0x0000000080000000, 0x0000000100000000)
  region size 1024K, 65 young (66560K), 10 survivors (10240K)
 Metaspace       used 115371K, committed 116224K, reserved 1179648K
  class space    used 15775K, committed 16192K, reserved 1048576K
}
Event: 41.265 GC heap after
{Heap after GC invocations=66 (full 0):
 garbage-first heap   total 274432K, used 180027K [0x0000000080000000, 0x0000000100000000)
  region size 1024K, 9 young (9216K), 9 survivors (9216K)
 Metaspace       used 115371K, committed 116224K, reserved 1179648K
  class space    used 15775K, committed 16192K, reserved 1048576K
}
Event: 41.723 GC heap before
{Heap before GC invocations=66 (full 0):
 garbage-first heap   total 274432K, used 228155K [0x0000000080000000, 0x0000000100000000)
  region size 1024K, 57 young (58368K), 9 survivors (9216K)
 Metaspace       used 117239K, committed 118080K, reserved 1179648K
  class space    used 16125K, committed 16576K, reserved 1048576K
}
Event: 41.752 GC heap after
{Heap after GC invocations=67 (full 0):
 garbage-first heap   total 274432K, used 187519K [0x0000000080000000, 0x0000000100000000)
  region size 1024K, 8 young (8192K), 8 survivors (8192K)
 Metaspace       used 117239K, committed 118080K, reserved 1179648K
  class space    used 16125K, committed 16576K, reserved 1048576K
}
Event: 41.886 GC heap before
{Heap before GC invocations=67 (full 0):
 garbage-first heap   total 274432K, used 199807K [0x0000000080000000, 0x0000000100000000)
  region size 1024K, 22 young (22528K), 8 survivors (8192K)
 Metaspace       used 117843K, committed 118656K, reserved 1179648K
  class space    used 16275K, committed 16704K, reserved 1048576K
}
Event: 41.912 GC heap after
{Heap after GC invocations=68 (full 0):
 garbage-first heap   total 274432K, used 190150K [0x0000000080000000, 0x0000000100000000)
  region size 1024K, 3 young (3072K), 3 survivors (3072K)
 Metaspace       used 117843K, committed 118656K, reserved 1179648K
  class space    used 16275K, committed 16704K, reserved 1048576K
}
Event: 42.175 GC heap before
{Heap before GC invocations=68 (full 0):
 garbage-first heap   total 274432K, used 232134K [0x0000000080000000, 0x0000000100000000)
  region size 1024K, 44 young (45056K), 3 survivors (3072K)
 Metaspace       used 118488K, committed 119296K, reserved 1179648K
  class space    used 16356K, committed 16768K, reserved 1048576K
}

